[2017-02-27 16:00:44] main.CRITICAL: Zend_Mail_Transport_Exception: Unable to send mail.  in /var/www/html/estore/vendor/magento/zendframework1/library/Zend/Mail/Transport/Sendmail.php:137
Stack trace:
#0 /var/www/html/estore/var/generation/Magento/Framework/Mail/Transport/Interceptor.php(37): Zend_Mail_Transport_Sendmail->_sendMail()
#1 /var/www/html/estore/vendor/magento/zendframework1/library/Zend/Mail/Transport/Abstract.php(348): Magento\Framework\Mail\Transport\Interceptor->_sendMail()
#2 /var/www/html/estore/vendor/magento/framework/Mail/Transport.php(39): Zend_Mail_Transport_Abstract->send(Object(Magento\Framework\Mail\Message))
#3 [internal function]: Magento\Framework\Mail\Transport->sendMessage()
#4 /var/www/html/estore/vendor/magento/framework/Interception/Interceptor.php(74): call_user_func_array(Array, Array)
#5 /var/www/html/estore/vendor/magento/framework/Interception/Chain/Chain.php(70): Magento\Framework\Mail\Transport\Interceptor->___callParent('sendMessage', Array)
#6 /var/www/html/estore/vendor/magento/framework/Interception/Interceptor.php(138): Magento\Framework\Interception\Chain\Chain->invokeNext('Magento\\Framewo...', 'sendMessage', Object(Magento\Framework\Mail\Transport\Interceptor), Array, 'disableSending')
#7 /var/www/html/estore/vendor/magento/module-email/Model/Mail/TransportInterfacePlugin.php(48): Magento\Framework\Mail\Transport\Interceptor->Magento\Framework\Interception\{closure}()
#8 [internal function]: Magento\Email\Model\Mail\TransportInterfacePlugin->aroundSendMessage(Object(Magento\Framework\Mail\Transport\Interceptor), Object(Closure))
#9 /var/www/html/estore/vendor/magento/framework/Interception/Interceptor.php(142): call_user_func_array(Array, Array)
#10 /var/www/html/estore/var/generation/Magento/Framework/Mail/Transport/Interceptor.php(26): Magento\Framework\Mail\Transport\Interceptor->___callPlugins('sendMessage', Array, Array)
#11 /var/www/html/estore/vendor/magento/module-customer/Model/AccountManagement.php(928): Magento\Framework\Mail\Transport\Interceptor->sendMessage()
#12 /var/www/html/estore/vendor/magento/module-customer/Model/AccountManagement.php(834): Magento\Customer\Model\AccountManagement->sendEmailTemplate(Object(Magento\Customer\Model\Data\Customer), 'customer/create...', 'customer/create...', Array, 1)
#13 /var/www/html/estore/vendor/magento/module-customer/Model/AccountManagement.php(587): Magento\Customer\Model\AccountManagement->sendNewAccountEmail(Object(Magento\Customer\Model\Data\Customer), 'registered', NULL, 1)
#14 /var/www/html/estore/vendor/magento/module-customer/Model/AccountManagement.php(547): Magento\Customer\Model\AccountManagement->sendEmailConfirmation(Object(Magento\Customer\Model\Data\Customer), NULL)
#15 /var/www/html/estore/vendor/magento/module-customer/Model/AccountManagement.php(484): Magento\Customer\Model\AccountManagement->createAccountWithPasswordHash(Object(Magento\Customer\Model\Data\Customer), '8c8e7d87bc68940...', NULL)
#16 /var/www/html/estore/vendor/magento/module-customer/Controller/Account/CreatePost.php(240): Magento\Customer\Model\AccountManagement->createAccount(Object(Magento\Customer\Model\Data\Customer), 'karthik@123', NULL)
#17 /var/www/html/estore/var/generation/Magento/Customer/Controller/Account/CreatePost/Interceptor.php(24): Magento\Customer\Controller\Account\CreatePost->execute()
#18 /var/www/html/estore/vendor/magento/framework/App/Action/Action.php(102): Magento\Customer\Controller\Account\CreatePost\Interceptor->execute()
#19 [internal function]: Magento\Framework\App\Action\Action->dispatch(Object(Magento\Framework\App\Request\Http))
#20 /var/www/html/estore/vendor/magento/framework/Interception/Interceptor.php(74): call_user_func_array(Array, Array)
#21 /var/www/html/estore/vendor/magento/framework/Interception/Chain/Chain.php(70): Magento\Customer\Controller\Account\CreatePost\Interceptor->___callParent('dispatch', Array)
#22 /var/www/html/estore/vendor/magento/framework/Interception/Chain/Chain.php(63): Magento\Framework\Interception\Chain\Chain->invokeNext('Magento\\Custome...', 'dispatch', Object(Magento\Customer\Controller\Account\CreatePost\Interceptor), Array, 'designLoader')
#23 /var/www/html/estore/vendor/magento/framework/App/Action/Plugin/Design.php(39): Magento\Framework\Interception\Chain\Chain->Magento\Framework\Interception\Chain\{closure}(Object(Magento\Framework\App\Request\Http))
#24 [internal function]: Magento\Framework\App\Action\Plugin\Design->aroundDispatch(Object(Magento\Customer\Controller\Account\CreatePost\Interceptor), Object(Closure), Object(Magento\Framework\App\Request\Http))
#25 /var/www/html/estore/vendor/magento/framework/Interception/Chain/Chain.php(67): call_user_func_array(Array, Array)
#26 /var/www/html/estore/vendor/magento/framework/Interception/Chain/Chain.php(63): Magento\Framework\Interception\Chain\Chain->invokeNext('Magento\\Custome...', 'dispatch', Object(Magento\Customer\Controller\Account\CreatePost\Interceptor), Array, 'contextPlugin')
#27 /var/www/html/estore/vendor/magento/module-store/App/Action/Plugin/Context.php(106): Magento\Framework\Interception\Chain\Chain->Magento\Framework\Interception\Chain\{closure}(Object(Magento\Framework\App\Request\Http))
#28 [internal function]: Magento\Store\App\Action\Plugin\Context->aroundDispatch(Object(Magento\Customer\Controller\Account\CreatePost\Interceptor), Object(Closure), Object(Magento\Framework\App\Request\Http))
#29 /var/www/html/estore/vendor/magento/framework/Interception/Chain/Chain.php(67): call_user_func_array(Array, Array)
#30 /var/www/html/estore/vendor/magento/framework/Interception/Chain/Chain.php(63): Magento\Framework\Interception\Chain\Chain->invokeNext('Magento\\Custome...', 'dispatch', Object(Magento\Customer\Controller\Account\CreatePost\Interceptor), Array, 'customer-app-ac...')
#31 /var/www/html/estore/vendor/magento/module-customer/Model/App/Action/ContextPlugin.php(61): Magento\Framework\Interception\Chain\Chain->Magento\Framework\Interception\Chain\{closure}(Object(Magento\Framework\App\Request\Http))
#32 [internal function]: Magento\Customer\Model\App\Action\ContextPlugin->aroundDispatch(Object(Magento\Customer\Controller\Account\CreatePost\Interceptor), Object(Closure), Object(Magento\Framework\App\Request\Http))
#33 /var/www/html/estore/vendor/magento/framework/Interception/Chain/Chain.php(67): call_user_func_array(Array, Array)
#34 /var/www/html/estore/vendor/magento/framework/Interception/Chain/Chain.php(63): Magento\Framework\Interception\Chain\Chain->invokeNext('Magento\\Custome...', 'dispatch', Object(Magento\Customer\Controller\Account\CreatePost\Interceptor), Array, 'storeCheck')
#35 /var/www/html/estore/vendor/magento/module-store/App/Action/Plugin/StoreCheck.php(44): Magento\Framework\Interception\Chain\Chain->Magento\Framework\Interception\Chain\{closure}(Object(Magento\Framework\App\Request\Http))
#36 [internal function]: Magento\Store\App\Action\Plugin\StoreCheck->aroundDispatch(Object(Magento\Customer\Controller\Account\CreatePost\Interceptor), Object(Closure), Object(Magento\Framework\App\Request\Http))
#37 /var/www/html/estore/vendor/magento/framework/Interception/Chain/Chain.php(67): call_user_func_array(Array, Array)
#38 /var/www/html/estore/vendor/magento/framework/Interception/Chain/Chain.php(63): Magento\Framework\Interception\Chain\Chain->invokeNext('Magento\\Custome...', 'dispatch', Object(Magento\Customer\Controller\Account\CreatePost\Interceptor), Array, 'customer_accoun...')
#39 /var/www/html/estore/vendor/magento/module-customer/Controller/Plugin/Account.php(60): Magento\Framework\Interception\Chain\Chain->Magento\Framework\Interception\Chain\{closure}(Object(Magento\Framework\App\Request\Http))
#40 [internal function]: Magento\Customer\Controller\Plugin\Account->aroundDispatch(Object(Magento\Customer\Controller\Account\CreatePost\Interceptor), Object(Closure), Object(Magento\Framework\App\Request\Http))
#41 /var/www/html/estore/vendor/magento/framework/Interception/Chain/Chain.php(67): call_user_func_array(Array, Array)
#42 /var/www/html/estore/vendor/magento/framework/Interception/Chain/Chain.php(63): Magento\Framework\Interception\Chain\Chain->invokeNext('Magento\\Custome...', 'dispatch', Object(Magento\Customer\Controller\Account\CreatePost\Interceptor), Array, 'weee-app-action...')
#43 /var/www/html/estore/vendor/magento/module-weee/Model/App/Action/ContextPlugin.php(112): Magento\Framework\Interception\Chain\Chain->Magento\Framework\Interception\Chain\{closure}(Object(Magento\Framework\App\Request\Http))
#44 [internal function]: Magento\Weee\Model\App\Action\ContextPlugin->aroundDispatch(Object(Magento\Customer\Controller\Account\CreatePost\Interceptor), Object(Closure), Object(Magento\Framework\App\Request\Http))
#45 /var/www/html/estore/vendor/magento/framework/Interception/Chain/Chain.php(67): call_user_func_array(Array, Array)
#46 /var/www/html/estore/vendor/magento/framework/Interception/Interceptor.php(138): Magento\Framework\Interception\Chain\Chain->invokeNext('Magento\\Custome...', 'dispatch', Object(Magento\Customer\Controller\Account\CreatePost\Interceptor), Array, 'tax-app-action-...')
#47 /var/www/html/estore/vendor/magento/module-tax/Model/App/Action/ContextPlugin.php(91): Magento\Customer\Controller\Account\CreatePost\Interceptor->Magento\Framework\Interception\{closure}(Object(Magento\Framework\App\Request\Http))
#48 [internal function]: Magento\Tax\Model\App\Action\ContextPlugin->aroundDispatch(Object(Magento\Customer\Controller\Account\CreatePost\Interceptor), Object(Closure), Object(Magento\Framework\App\Request\Http))
#49 /var/www/html/estore/vendor/magento/framework/Interception/Interceptor.php(142): call_user_func_array(Array, Array)
#50 /var/www/html/estore/var/generation/Magento/Customer/Controller/Account/CreatePost/Interceptor.php(39): Magento\Customer\Controller\Account\CreatePost\Interceptor->___callPlugins('dispatch', Array, Array)
#51 /var/www/html/estore/vendor/magento/framework/App/FrontController.php(55): Magento\Customer\Controller\Account\CreatePost\Interceptor->dispatch(Object(Magento\Framework\App\Request\Http))
#52 [internal function]: Magento\Framework\App\FrontController->dispatch(Object(Magento\Framework\App\Request\Http))
#53 /var/www/html/estore/vendor/magento/framework/Interception/Interceptor.php(74): call_user_func_array(Array, Array)
#54 /var/www/html/estore/vendor/magento/framework/Interception/Chain/Chain.php(70): Magento\Framework\App\FrontController\Interceptor->___callParent('dispatch', Array)
#55 /var/www/html/estore/vendor/magento/framework/Interception/Chain/Chain.php(63): Magento\Framework\Interception\Chain\Chain->invokeNext('Magento\\Framewo...', 'dispatch', Object(Magento\Framework\App\FrontController\Interceptor), Array, 'requestPreproce...')
#56 /var/www/html/estore/vendor/magento/module-store/App/FrontController/Plugin/RequestPreprocessor.php(89): Magento\Framework\Interception\Chain\Chain->Magento\Framework\Interception\Chain\{closure}(Object(Magento\Framework\App\Request\Http))
#57 [internal function]: Magento\Store\App\FrontController\Plugin\RequestPreprocessor->aroundDispatch(Object(Magento\Framework\App\FrontController\Interceptor), Object(Closure), Object(Magento\Framework\App\Request\Http))
#58 /var/www/html/estore/vendor/magento/framework/Interception/Chain/Chain.php(67): call_user_func_array(Array, Array)
#59 /var/www/html/estore/vendor/magento/framework/Interception/Chain/Chain.php(63): Magento\Framework\Interception\Chain\Chain->invokeNext('Magento\\Framewo...', 'dispatch', Object(Magento\Framework\App\FrontController\Interceptor), Array, 'install')
#60 /var/www/html/estore/vendor/magento/framework/Module/Plugin/DbStatusValidator.php(69): Magento\Framework\Interception\Chain\Chain->Magento\Framework\Interception\Chain\{closure}(Object(Magento\Framework\App\Request\Http))
#61 [internal function]: Magento\Framework\Module\Plugin\DbStatusValidator->aroundDispatch(Object(Magento\Framework\App\FrontController\Interceptor), Object(Closure), Object(Magento\Framework\App\Request\Http))
#62 /var/www/html/estore/vendor/magento/framework/Interception/Chain/Chain.php(67): call_user_func_array(Array, Array)
#63 /var/www/html/estore/vendor/magento/framework/Interception/Chain/Chain.php(63): Magento\Framework\Interception\Chain\Chain->invokeNext('Magento\\Framewo...', 'dispatch', Object(Magento\Framework\App\FrontController\Interceptor), Array, 'front-controlle...')
#64 /var/www/html/estore/vendor/magento/module-page-cache/Model/App/FrontController/VarnishPlugin.php(55): Magento\Framework\Interception\Chain\Chain->Magento\Framework\Interception\Chain\{closure}(Object(Magento\Framework\App\Request\Http))
#65 [internal function]: Magento\PageCache\Model\App\FrontController\VarnishPlugin->aroundDispatch(Object(Magento\Framework\App\FrontController\Interceptor), Object(Closure), Object(Magento\Framework\App\Request\Http))
#66 /var/www/html/estore/vendor/magento/framework/Interception/Chain/Chain.php(67): call_user_func_array(Array, Array)
#67 /var/www/html/estore/vendor/magento/framework/Interception/Interceptor.php(138): Magento\Framework\Interception\Chain\Chain->invokeNext('Magento\\Framewo...', 'dispatch', Object(Magento\Framework\App\FrontController\Interceptor), Array, 'front-controlle...')
#68 /var/www/html/estore/vendor/magento/module-page-cache/Model/App/FrontController/BuiltinPlugin.php(73): Magento\Framework\App\FrontController\Interceptor->Magento\Framework\Interception\{closure}(Object(Magento\Framework\App\Request\Http))
#69 [internal function]: Magento\PageCache\Model\App\FrontController\BuiltinPlugin->aroundDispatch(Object(Magento\Framework\App\FrontController\Interceptor), Object(Closure), Object(Magento\Framework\App\Request\Http))
#70 /var/www/html/estore/vendor/magento/framework/Interception/Interceptor.php(142): call_user_func_array(Array, Array)
#71 /var/www/html/estore/var/generation/Magento/Framework/App/FrontController/Interceptor.php(26): Magento\Framework\App\FrontController\Interceptor->___callPlugins('dispatch', Array, Array)
#72 /var/www/html/estore/vendor/magento/framework/App/Http.php(115): Magento\Framework\App\FrontController\Interceptor->dispatch(Object(Magento\Framework\App\Request\Http))
#73 /var/www/html/estore/vendor/magento/framework/App/Bootstrap.php(258): Magento\Framework\App\Http->launch()
#74 /var/www/html/estore/index.php(39): Magento\Framework\App\Bootstrap->run(Object(Magento\Framework\App\Http))
#75 {main}

Next Magento\Framework\Exception\MailException: Unable to send mail.  in /var/www/html/estore/vendor/magento/framework/Mail/Transport.php:41
Stack trace:
#0 [internal function]: Magento\Framework\Mail\Transport->sendMessage()
#1 /var/www/html/estore/vendor/magento/framework/Interception/Interceptor.php(74): call_user_func_array(Array, Array)
#2 /var/www/html/estore/vendor/magento/framework/Interception/Chain/Chain.php(70): Magento\Framework\Mail\Transport\Interceptor->___callParent('sendMessage', Array)
#3 /var/www/html/estore/vendor/magento/framework/Interception/Interceptor.php(138): Magento\Framework\Interception\Chain\Chain->invokeNext('Magento\\Framewo...', 'sendMessage', Object(Magento\Framework\Mail\Transport\Interceptor), Array, 'disableSending')
#4 /var/www/html/estore/vendor/magento/module-email/Model/Mail/TransportInterfacePlugin.php(48): Magento\Framework\Mail\Transport\Interceptor->Magento\Framework\Interception\{closure}()
#5 [internal function]: Magento\Email\Model\Mail\TransportInterfacePlugin->aroundSendMessage(Object(Magento\Framework\Mail\Transport\Interceptor), Object(Closure))
#6 /var/www/html/estore/vendor/magento/framework/Interception/Interceptor.php(142): call_user_func_array(Array, Array)
#7 /var/www/html/estore/var/generation/Magento/Framework/Mail/Transport/Interceptor.php(26): Magento\Framework\Mail\Transport\Interceptor->___callPlugins('sendMessage', Array, Array)
#8 /var/www/html/estore/vendor/magento/module-customer/Model/AccountManagement.php(928): Magento\Framework\Mail\Transport\Interceptor->sendMessage()
#9 /var/www/html/estore/vendor/magento/module-customer/Model/AccountManagement.php(834): Magento\Customer\Model\AccountManagement->sendEmailTemplate(Object(Magento\Customer\Model\Data\Customer), 'customer/create...', 'customer/create...', Array, 1)
#10 /var/www/html/estore/vendor/magento/module-customer/Model/AccountManagement.php(587): Magento\Customer\Model\AccountManagement->sendNewAccountEmail(Object(Magento\Customer\Model\Data\Customer), 'registered', NULL, 1)
#11 /var/www/html/estore/vendor/magento/module-customer/Model/AccountManagement.php(547): Magento\Customer\Model\AccountManagement->sendEmailConfirmation(Object(Magento\Customer\Model\Data\Customer), NULL)
#12 /var/www/html/estore/vendor/magento/module-customer/Model/AccountManagement.php(484): Magento\Customer\Model\AccountManagement->createAccountWithPasswordHash(Object(Magento\Customer\Model\Data\Customer), '8c8e7d87bc68940...', NULL)
#13 /var/www/html/estore/vendor/magento/module-customer/Controller/Account/CreatePost.php(240): Magento\Customer\Model\AccountManagement->createAccount(Object(Magento\Customer\Model\Data\Customer), 'karthik@123', NULL)
#14 /var/www/html/estore/var/generation/Magento/Customer/Controller/Account/CreatePost/Interceptor.php(24): Magento\Customer\Controller\Account\CreatePost->execute()
#15 /var/www/html/estore/vendor/magento/framework/App/Action/Action.php(102): Magento\Customer\Controller\Account\CreatePost\Interceptor->execute()
#16 [internal function]: Magento\Framework\App\Action\Action->dispatch(Object(Magento\Framework\App\Request\Http))
#17 /var/www/html/estore/vendor/magento/framework/Interception/Interceptor.php(74): call_user_func_array(Array, Array)
#18 /var/www/html/estore/vendor/magento/framework/Interception/Chain/Chain.php(70): Magento\Customer\Controller\Account\CreatePost\Interceptor->___callParent('dispatch', Array)
#19 /var/www/html/estore/vendor/magento/framework/Interception/Chain/Chain.php(63): Magento\Framework\Interception\Chain\Chain->invokeNext('Magento\\Custome...', 'dispatch', Object(Magento\Customer\Controller\Account\CreatePost\Interceptor), Array, 'designLoader')
#20 /var/www/html/estore/vendor/magento/framework/App/Action/Plugin/Design.php(39): Magento\Framework\Interception\Chain\Chain->Magento\Framework\Interception\Chain\{closure}(Object(Magento\Framework\App\Request\Http))
#21 [internal function]: Magento\Framework\App\Action\Plugin\Design->aroundDispatch(Object(Magento\Customer\Controller\Account\CreatePost\Interceptor), Object(Closure), Object(Magento\Framework\App\Request\Http))
#22 /var/www/html/estore/vendor/magento/framework/Interception/Chain/Chain.php(67): call_user_func_array(Array, Array)
#23 /var/www/html/estore/vendor/magento/framework/Interception/Chain/Chain.php(63): Magento\Framework\Interception\Chain\Chain->invokeNext('Magento\\Custome...', 'dispatch', Object(Magento\Customer\Controller\Account\CreatePost\Interceptor), Array, 'contextPlugin')
#24 /var/www/html/estore/vendor/magento/module-store/App/Action/Plugin/Context.php(106): Magento\Framework\Interception\Chain\Chain->Magento\Framework\Interception\Chain\{closure}(Object(Magento\Framework\App\Request\Http))
#25 [internal function]: Magento\Store\App\Action\Plugin\Context->aroundDispatch(Object(Magento\Customer\Controller\Account\CreatePost\Interceptor), Object(Closure), Object(Magento\Framework\App\Request\Http))
#26 /var/www/html/estore/vendor/magento/framework/Interception/Chain/Chain.php(67): call_user_func_array(Array, Array)
#27 /var/www/html/estore/vendor/magento/framework/Interception/Chain/Chain.php(63): Magento\Framework\Interception\Chain\Chain->invokeNext('Magento\\Custome...', 'dispatch', Object(Magento\Customer\Controller\Account\CreatePost\Interceptor), Array, 'customer-app-ac...')
#28 /var/www/html/estore/vendor/magento/module-customer/Model/App/Action/ContextPlugin.php(61): Magento\Framework\Interception\Chain\Chain->Magento\Framework\Interception\Chain\{closure}(Object(Magento\Framework\App\Request\Http))
#29 [internal function]: Magento\Customer\Model\App\Action\ContextPlugin->aroundDispatch(Object(Magento\Customer\Controller\Account\CreatePost\Interceptor), Object(Closure), Object(Magento\Framework\App\Request\Http))
#30 /var/www/html/estore/vendor/magento/framework/Interception/Chain/Chain.php(67): call_user_func_array(Array, Array)
#31 /var/www/html/estore/vendor/magento/framework/Interception/Chain/Chain.php(63): Magento\Framework\Interception\Chain\Chain->invokeNext('Magento\\Custome...', 'dispatch', Object(Magento\Customer\Controller\Account\CreatePost\Interceptor), Array, 'storeCheck')
#32 /var/www/html/estore/vendor/magento/module-store/App/Action/Plugin/StoreCheck.php(44): Magento\Framework\Interception\Chain\Chain->Magento\Framework\Interception\Chain\{closure}(Object(Magento\Framework\App\Request\Http))
#33 [internal function]: Magento\Store\App\Action\Plugin\StoreCheck->aroundDispatch(Object(Magento\Customer\Controller\Account\CreatePost\Interceptor), Object(Closure), Object(Magento\Framework\App\Request\Http))
#34 /var/www/html/estore/vendor/magento/framework/Interception/Chain/Chain.php(67): call_user_func_array(Array, Array)
#35 /var/www/html/estore/vendor/magento/framework/Interception/Chain/Chain.php(63): Magento\Framework\Interception\Chain\Chain->invokeNext('Magento\\Custome...', 'dispatch', Object(Magento\Customer\Controller\Account\CreatePost\Interceptor), Array, 'customer_accoun...')
#36 /var/www/html/estore/vendor/magento/module-customer/Controller/Plugin/Account.php(60): Magento\Framework\Interception\Chain\Chain->Magento\Framework\Interception\Chain\{closure}(Object(Magento\Framework\App\Request\Http))
#37 [internal function]: Magento\Customer\Controller\Plugin\Account->aroundDispatch(Object(Magento\Customer\Controller\Account\CreatePost\Interceptor), Object(Closure), Object(Magento\Framework\App\Request\Http))
#38 /var/www/html/estore/vendor/magento/framework/Interception/Chain/Chain.php(67): call_user_func_array(Array, Array)
#39 /var/www/html/estore/vendor/magento/framework/Interception/Chain/Chain.php(63): Magento\Framework\Interception\Chain\Chain->invokeNext('Magento\\Custome...', 'dispatch', Object(Magento\Customer\Controller\Account\CreatePost\Interceptor), Array, 'weee-app-action...')
#40 /var/www/html/estore/vendor/magento/module-weee/Model/App/Action/ContextPlugin.php(112): Magento\Framework\Interception\Chain\Chain->Magento\Framework\Interception\Chain\{closure}(Object(Magento\Framework\App\Request\Http))
#41 [internal function]: Magento\Weee\Model\App\Action\ContextPlugin->aroundDispatch(Object(Magento\Customer\Controller\Account\CreatePost\Interceptor), Object(Closure), Object(Magento\Framework\App\Request\Http))
#42 /var/www/html/estore/vendor/magento/framework/Interception/Chain/Chain.php(67): call_user_func_array(Array, Array)
#43 /var/www/html/estore/vendor/magento/framework/Interception/Interceptor.php(138): Magento\Framework\Interception\Chain\Chain->invokeNext('Magento\\Custome...', 'dispatch', Object(Magento\Customer\Controller\Account\CreatePost\Interceptor), Array, 'tax-app-action-...')
#44 /var/www/html/estore/vendor/magento/module-tax/Model/App/Action/ContextPlugin.php(91): Magento\Customer\Controller\Account\CreatePost\Interceptor->Magento\Framework\Interception\{closure}(Object(Magento\Framework\App\Request\Http))
#45 [internal function]: Magento\Tax\Model\App\Action\ContextPlugin->aroundDispatch(Object(Magento\Customer\Controller\Account\CreatePost\Interceptor), Object(Closure), Object(Magento\Framework\App\Request\Http))
#46 /var/www/html/estore/vendor/magento/framework/Interception/Interceptor.php(142): call_user_func_array(Array, Array)
#47 /var/www/html/estore/var/generation/Magento/Customer/Controller/Account/CreatePost/Interceptor.php(39): Magento\Customer\Controller\Account\CreatePost\Interceptor->___callPlugins('dispatch', Array, Array)
#48 /var/www/html/estore/vendor/magento/framework/App/FrontController.php(55): Magento\Customer\Controller\Account\CreatePost\Interceptor->dispatch(Object(Magento\Framework\App\Request\Http))
#49 [internal function]: Magento\Framework\App\FrontController->dispatch(Object(Magento\Framework\App\Request\Http))
#50 /var/www/html/estore/vendor/magento/framework/Interception/Interceptor.php(74): call_user_func_array(Array, Array)
#51 /var/www/html/estore/vendor/magento/framework/Interception/Chain/Chain.php(70): Magento\Framework\App\FrontController\Interceptor->___callParent('dispatch', Array)
#52 /var/www/html/estore/vendor/magento/framework/Interception/Chain/Chain.php(63): Magento\Framework\Interception\Chain\Chain->invokeNext('Magento\\Framewo...', 'dispatch', Object(Magento\Framework\App\FrontController\Interceptor), Array, 'requestPreproce...')
#53 /var/www/html/estore/vendor/magento/module-store/App/FrontController/Plugin/RequestPreprocessor.php(89): Magento\Framework\Interception\Chain\Chain->Magento\Framework\Interception\Chain\{closure}(Object(Magento\Framework\App\Request\Http))
#54 [internal function]: Magento\Store\App\FrontController\Plugin\RequestPreprocessor->aroundDispatch(Object(Magento\Framework\App\FrontController\Interceptor), Object(Closure), Object(Magento\Framework\App\Request\Http))
#55 /var/www/html/estore/vendor/magento/framework/Interception/Chain/Chain.php(67): call_user_func_array(Array, Array)
#56 /var/www/html/estore/vendor/magento/framework/Interception/Chain/Chain.php(63): Magento\Framework\Interception\Chain\Chain->invokeNext('Magento\\Framewo...', 'dispatch', Object(Magento\Framework\App\FrontController\Interceptor), Array, 'install')
#57 /var/www/html/estore/vendor/magento/framework/Module/Plugin/DbStatusValidator.php(69): Magento\Framework\Interception\Chain\Chain->Magento\Framework\Interception\Chain\{closure}(Object(Magento\Framework\App\Request\Http))
#58 [internal function]: Magento\Framework\Module\Plugin\DbStatusValidator->aroundDispatch(Object(Magento\Framework\App\FrontController\Interceptor), Object(Closure), Object(Magento\Framework\App\Request\Http))
#59 /var/www/html/estore/vendor/magento/framework/Interception/Chain/Chain.php(67): call_user_func_array(Array, Array)
#60 /var/www/html/estore/vendor/magento/framework/Interception/Chain/Chain.php(63): Magento\Framework\Interception\Chain\Chain->invokeNext('Magento\\Framewo...', 'dispatch', Object(Magento\Framework\App\FrontController\Interceptor), Array, 'front-controlle...')
#61 /var/www/html/estore/vendor/magento/module-page-cache/Model/App/FrontController/VarnishPlugin.php(55): Magento\Framework\Interception\Chain\Chain->Magento\Framework\Interception\Chain\{closure}(Object(Magento\Framework\App\Request\Http))
#62 [internal function]: Magento\PageCache\Model\App\FrontController\VarnishPlugin->aroundDispatch(Object(Magento\Framework\App\FrontController\Interceptor), Object(Closure), Object(Magento\Framework\App\Request\Http))
#63 /var/www/html/estore/vendor/magento/framework/Interception/Chain/Chain.php(67): call_user_func_array(Array, Array)
#64 /var/www/html/estore/vendor/magento/framework/Interception/Interceptor.php(138): Magento\Framework\Interception\Chain\Chain->invokeNext('Magento\\Framewo...', 'dispatch', Object(Magento\Framework\App\FrontController\Interceptor), Array, 'front-controlle...')
#65 /var/www/html/estore/vendor/magento/module-page-cache/Model/App/FrontController/BuiltinPlugin.php(73): Magento\Framework\App\FrontController\Interceptor->Magento\Framework\Interception\{closure}(Object(Magento\Framework\App\Request\Http))
#66 [internal function]: Magento\PageCache\Model\App\FrontController\BuiltinPlugin->aroundDispatch(Object(Magento\Framework\App\FrontController\Interceptor), Object(Closure), Object(Magento\Framework\App\Request\Http))
#67 /var/www/html/estore/vendor/magento/framework/Interception/Interceptor.php(142): call_user_func_array(Array, Array)
#68 /var/www/html/estore/var/generation/Magento/Framework/App/FrontController/Interceptor.php(26): Magento\Framework\App\FrontController\Interceptor->___callPlugins('dispatch', Array, Array)
#69 /var/www/html/estore/vendor/magento/framework/App/Http.php(115): Magento\Framework\App\FrontController\Interceptor->dispatch(Object(Magento\Framework\App\Request\Http))
#70 /var/www/html/estore/vendor/magento/framework/App/Bootstrap.php(258): Magento\Framework\App\Http->launch()
#71 /var/www/html/estore/index.php(39): Magento\Framework\App\Bootstrap->run(Object(Magento\Framework\App\Http))
#72 {main} [] []
